0 info it worked if it ends with ok
1 verbose cli [ '/usr/bin/nodejs', '/usr/bin/npm', 'run', 'serv' ]
2 info using npm@3.10.9
3 info using node@v6.9.2
4 verbose run-script [ 'preserv', 'serv', 'postserv' ]
5 info lifecycle react-webapp-boilerplate@1.0.0~preserv: react-webapp-boilerplate@1.0.0
6 silly lifecycle react-webapp-boilerplate@1.0.0~preserv: no script for preserv, continuing
7 info lifecycle react-webapp-boilerplate@1.0.0~serv: react-webapp-boilerplate@1.0.0
8 verbose lifecycle react-webapp-boilerplate@1.0.0~serv: unsafe-perm in lifecycle true
9 verbose lifecycle react-webapp-boilerplate@1.0.0~serv: PATH: /usr/lib/node_modules/npm/bin/node-gyp-bin:/vagrant/devGenie/node_modules/.bin:/usr/local/sbin:/usr/local/bin:/usr/sbin:/usr/bin:/sbin:/bin:/usr/games:/usr/local/games:/opt/puppetlabs/bin
10 verbose lifecycle react-webapp-boilerplate@1.0.0~serv: CWD: /vagrant/devGenie
11 silly lifecycle react-webapp-boilerplate@1.0.0~serv: Args: [ '-c', 'node server.js' ]
12 silly lifecycle react-webapp-boilerplate@1.0.0~serv: Returned: code: 1  signal: null
13 info lifecycle react-webapp-boilerplate@1.0.0~serv: Failed to exec serv script
14 verbose stack Error: react-webapp-boilerplate@1.0.0 serv: `node server.js`
14 verbose stack Exit status 1
14 verbose stack     at EventEmitter.<anonymous> (/usr/lib/node_modules/npm/lib/utils/lifecycle.js:255:16)
14 verbose stack     at emitTwo (events.js:106:13)
14 verbose stack     at EventEmitter.emit (events.js:191:7)
14 verbose stack     at ChildProcess.<anonymous> (/usr/lib/node_modules/npm/lib/utils/spawn.js:40:14)
14 verbose stack     at emitTwo (events.js:106:13)
14 verbose stack     at ChildProcess.emit (events.js:191:7)
14 verbose stack     at maybeClose (internal/child_process.js:877:16)
14 verbose stack     at Process.ChildProcess._handle.onexit (internal/child_process.js:226:5)
15 verbose pkgid react-webapp-boilerplate@1.0.0
16 verbose cwd /vagrant/devGenie
17 error Linux 4.4.0-21-generic
18 error argv "/usr/bin/nodejs" "/usr/bin/npm" "run" "serv"
19 error node v6.9.2
20 error npm  v3.10.9
21 error code ELIFECYCLE
22 error react-webapp-boilerplate@1.0.0 serv: `node server.js`
22 error Exit status 1
23 error Failed at the react-webapp-boilerplate@1.0.0 serv script 'node server.js'.
23 error Make sure you have the latest version of node.js and npm installed.
23 error If you do, this is most likely a problem with the react-webapp-boilerplate package,
23 error not with npm itself.
23 error Tell the author that this fails on your system:
23 error     node server.js
23 error You can get information on how to open an issue for this project with:
23 error     npm bugs react-webapp-boilerplate
23 error Or if that isn't available, you can get their info via:
23 error     npm owner ls react-webapp-boilerplate
23 error There is likely additional logging output above.
24 verbose exit [ 1, true ]
